[13-Feb-2023 08:28:23 UTC] PHP Fatal error:  Uncaught Error: Call to undefined function the_field() in /s2-muscleblazee/wordpress/wp-content/themes/muscleblaze/header.php:111
Stack trace:
#0 /s2-muscleblazee/wordpress/wp-includes/template.php(783): require_once()
#1 /s2-muscleblazee/wordpress/wp-includes/template.php(718): load_template()
#2 /s2-muscleblazee/wordpress/wp-includes/general-template.php(48): locate_template()
#3 /s2-muscleblazee/wordpress/wp-content/themes/genesis/lib/framework.php(24): get_header()
#4 /s2-muscleblazee/wordpress/wp-content/themes/genesis/index.php(15): genesis()
#5 /s2-muscleblazee/wordpress/wp-includes/template-loader.php(106): include('/s2-muscleblaze...')
#6 /s2-muscleblazee/wordpress/wp-blog-header.php(19): require_once('/s2-muscleblaze...')
#7 /s2-muscleblazee/wordpress/index.php(17): require('/s2-muscleblaze...')
#8 {main}
  thrown in /s2-muscleblazee/wordpress/wp-content/themes/muscleblaze/header.php on line 111
[13-Feb-2023 08:28:29 UTC] PHP Fatal error:  Uncaught Error: Call to undefined function the_field() in /s2-muscleblazee/wordpress/wp-content/themes/muscleblaze/header.php:111
Stack trace:
#0 /s2-muscleblazee/wordpress/wp-includes/template.php(783): require_once()
#1 /s2-muscleblazee/wordpress/wp-includes/template.php(718): load_template()
#2 /s2-muscleblazee/wordpress/wp-includes/general-template.php(48): locate_template()
#3 /s2-muscleblazee/wordpress/wp-content/themes/genesis/lib/framework.php(24): get_header()
#4 /s2-muscleblazee/wordpress/wp-content/themes/genesis/index.php(15): genesis()
#5 /s2-muscleblazee/wordpress/wp-includes/template-loader.php(106): include('/s2-muscleblaze...')
#6 /s2-muscleblazee/wordpress/wp-blog-header.php(19): require_once('/s2-muscleblaze...')
#7 /s2-muscleblazee/wordpress/index.php(17): require('/s2-muscleblaze...')
#8 {main}
  thrown in /s2-muscleblazee/wordpress/wp-content/themes/muscleblaze/header.php on line 111
[13-Feb-2023 08:28:39 UTC] PHP Fatal error:  Uncaught Error: Call to undefined function the_field() in /s2-muscleblazee/wordpress/wp-content/themes/muscleblaze/header.php:111
Stack trace:
#0 /s2-muscleblazee/wordpress/wp-includes/template.php(783): require_once()
#1 /s2-muscleblazee/wordpress/wp-includes/template.php(718): load_template()
#2 /s2-muscleblazee/wordpress/wp-includes/general-template.php(48): locate_template()
#3 /s2-muscleblazee/wordpress/wp-content/themes/genesis/lib/framework.php(24): get_header()
#4 /s2-muscleblazee/wordpress/wp-content/themes/genesis/index.php(15): genesis()
#5 /s2-muscleblazee/wordpress/wp-includes/template-loader.php(106): include('/s2-muscleblaze...')
#6 /s2-muscleblazee/wordpress/wp-blog-header.php(19): require_once('/s2-muscleblaze...')
#7 /s2-muscleblazee/wordpress/index.php(17): require('/s2-muscleblaze...')
#8 {main}
  thrown in /s2-muscleblazee/wordpress/wp-content/themes/muscleblaze/header.php on line 111
[13-Feb-2023 08:28:44 UTC] PHP Fatal error:  Uncaught Error: Call to undefined function the_field() in /s2-muscleblazee/wordpress/wp-content/themes/muscleblaze/header.php:111
Stack trace:
#0 /s2-muscleblazee/wordpress/wp-includes/template.php(783): require_once()
#1 /s2-muscleblazee/wordpress/wp-includes/template.php(718): load_template()
#2 /s2-muscleblazee/wordpress/wp-includes/general-template.php(48): locate_template()
#3 /s2-muscleblazee/wordpress/wp-content/themes/genesis/lib/framework.php(24): get_header()
#4 /s2-muscleblazee/wordpress/wp-content/themes/genesis/index.php(15): genesis()
#5 /s2-muscleblazee/wordpress/wp-includes/template-loader.php(106): include('/s2-muscleblaze...')
#6 /s2-muscleblazee/wordpress/wp-blog-header.php(19): require_once('/s2-muscleblaze...')
#7 /s2-muscleblazee/wordpress/index.php(17): require('/s2-muscleblaze...')
#8 {main}
  thrown in /s2-muscleblazee/wordpress/wp-content/themes/muscleblaze/header.php on line 111
[13-Feb-2023 08:28:46 UTC] PHP Fatal error:  Uncaught Error: Call to undefined function the_field() in /s2-muscleblazee/wordpress/wp-content/themes/muscleblaze/header.php:111
Stack trace:
#0 /s2-muscleblazee/wordpress/wp-includes/template.php(783): require_once()
#1 /s2-muscleblazee/wordpress/wp-includes/template.php(718): load_template()
#2 /s2-muscleblazee/wordpress/wp-includes/general-template.php(48): locate_template()
#3 /s2-muscleblazee/wordpress/wp-content/themes/genesis/lib/framework.php(24): get_header()
#4 /s2-muscleblazee/wordpress/wp-content/themes/genesis/index.php(15): genesis()
#5 /s2-muscleblazee/wordpress/wp-includes/template-loader.php(106): include('/s2-muscleblaze...')
#6 /s2-muscleblazee/wordpress/wp-blog-header.php(19): require_once('/s2-muscleblaze...')
#7 /s2-muscleblazee/wordpress/index.php(17): require('/s2-muscleblaze...')
#8 {main}
  thrown in /s2-muscleblazee/wordpress/wp-content/themes/muscleblaze/header.php on line 111
[13-Feb-2023 08:28:56 UTC] PHP Fatal error:  Uncaught Error: Call to undefined function the_field() in /s2-muscleblazee/wordpress/wp-content/themes/muscleblaze/header.php:111
Stack trace:
#0 /s2-muscleblazee/wordpress/wp-includes/template.php(783): require_once()
#1 /s2-muscleblazee/wordpress/wp-includes/template.php(718): load_template()
#2 /s2-muscleblazee/wordpress/wp-includes/general-template.php(48): locate_template()
#3 /s2-muscleblazee/wordpress/wp-content/themes/genesis/lib/framework.php(24): get_header()
#4 /s2-muscleblazee/wordpress/wp-content/themes/genesis/index.php(15): genesis()
#5 /s2-muscleblazee/wordpress/wp-includes/template-loader.php(106): include('/s2-muscleblaze...')
#6 /s2-muscleblazee/wordpress/wp-blog-header.php(19): require_once('/s2-muscleblaze...')
#7 /s2-muscleblazee/wordpress/index.php(17): require('/s2-muscleblaze...')
#8 {main}
  thrown in /s2-muscleblazee/wordpress/wp-content/themes/muscleblaze/header.php on line 111
[13-Feb-2023 08:29:00 UTC] PHP Fatal error:  Uncaught Error: Call to undefined function the_field() in /s2-muscleblazee/wordpress/wp-content/themes/muscleblaze/header.php:111
Stack trace:
#0 /s2-muscleblazee/wordpress/wp-includes/template.php(783): require_once()
#1 /s2-muscleblazee/wordpress/wp-includes/template.php(718): load_template()
#2 /s2-muscleblazee/wordpress/wp-includes/general-template.php(48): locate_template()
#3 /s2-muscleblazee/wordpress/wp-content/themes/genesis/lib/framework.php(24): get_header()
#4 /s2-muscleblazee/wordpress/wp-content/themes/genesis/index.php(15): genesis()
#5 /s2-muscleblazee/wordpress/wp-includes/template-loader.php(106): include('/s2-muscleblaze...')
#6 /s2-muscleblazee/wordpress/wp-blog-header.php(19): require_once('/s2-muscleblaze...')
#7 /s2-muscleblazee/wordpress/index.php(17): require('/s2-muscleblaze...')
#8 {main}
  thrown in /s2-muscleblazee/wordpress/wp-content/themes/muscleblaze/header.php on line 111
[13-Feb-2023 08:29:06 UTC] PHP Fatal error:  Uncaught Error: Call to undefined function the_field() in /s2-muscleblazee/wordpress/wp-content/themes/muscleblaze/header.php:111
Stack trace:
#0 /s2-muscleblazee/wordpress/wp-includes/template.php(783): require_once()
#1 /s2-muscleblazee/wordpress/wp-includes/template.php(718): load_template()
#2 /s2-muscleblazee/wordpress/wp-includes/general-template.php(48): locate_template()
#3 /s2-muscleblazee/wordpress/wp-content/themes/genesis/lib/framework.php(24): get_header()
#4 /s2-muscleblazee/wordpress/wp-content/themes/genesis/index.php(15): genesis()
#5 /s2-muscleblazee/wordpress/wp-includes/template-loader.php(106): include('/s2-muscleblaze...')
#6 /s2-muscleblazee/wordpress/wp-blog-header.php(19): require_once('/s2-muscleblaze...')
#7 /s2-muscleblazee/wordpress/index.php(17): require('/s2-muscleblaze...')
#8 {main}
  thrown in /s2-muscleblazee/wordpress/wp-content/themes/muscleblaze/header.php on line 111
[13-Feb-2023 08:29:13 UTC] PHP Fatal error:  Uncaught Error: Call to undefined function the_field() in /s2-muscleblazee/wordpress/wp-content/themes/muscleblaze/header.php:111
Stack trace:
#0 /s2-muscleblazee/wordpress/wp-includes/template.php(783): require_once()
#1 /s2-muscleblazee/wordpress/wp-includes/template.php(718): load_template()
#2 /s2-muscleblazee/wordpress/wp-includes/general-template.php(48): locate_template()
#3 /s2-muscleblazee/wordpress/wp-content/themes/genesis/lib/framework.php(24): get_header()
#4 /s2-muscleblazee/wordpress/wp-content/themes/genesis/index.php(15): genesis()
#5 /s2-muscleblazee/wordpress/wp-includes/template-loader.php(106): include('/s2-muscleblaze...')
#6 /s2-muscleblazee/wordpress/wp-blog-header.php(19): require_once('/s2-muscleblaze...')
#7 /s2-muscleblazee/wordpress/index.php(17): require('/s2-muscleblaze...')
#8 {main}
  thrown in /s2-muscleblazee/wordpress/wp-content/themes/muscleblaze/header.php on line 111
[13-Feb-2023 08:29:16 UTC] PHP Fatal error:  Uncaught Error: Call to undefined function the_field() in /s2-muscleblazee/wordpress/wp-content/themes/muscleblaze/header.php:111
Stack trace:
#0 /s2-muscleblazee/wordpress/wp-includes/template.php(783): require_once()
#1 /s2-muscleblazee/wordpress/wp-includes/template.php(718): load_template()
#2 /s2-muscleblazee/wordpress/wp-includes/general-template.php(48): locate_template()
#3 /s2-muscleblazee/wordpress/wp-content/themes/genesis/lib/framework.php(24): get_header()
#4 /s2-muscleblazee/wordpress/wp-content/themes/genesis/index.php(15): genesis()
#5 /s2-muscleblazee/wordpress/wp-includes/template-loader.php(106): include('/s2-muscleblaze...')
#6 /s2-muscleblazee/wordpress/wp-blog-header.php(19): require_once('/s2-muscleblaze...')
#7 /s2-muscleblazee/wordpress/index.php(17): require('/s2-muscleblaze...')
#8 {main}
  thrown in /s2-muscleblazee/wordpress/wp-content/themes/muscleblaze/header.php on line 111
[13-Feb-2023 08:29:21 UTC] PHP Fatal error:  Uncaught Error: Call to undefined function the_field() in /s2-muscleblazee/wordpress/wp-content/themes/muscleblaze/header.php:111
Stack trace:
#0 /s2-muscleblazee/wordpress/wp-includes/template.php(783): require_once()
#1 /s2-muscleblazee/wordpress/wp-includes/template.php(718): load_template()
#2 /s2-muscleblazee/wordpress/wp-includes/general-template.php(48): locate_template()
#3 /s2-muscleblazee/wordpress/wp-content/themes/genesis/lib/framework.php(24): get_header()
#4 /s2-muscleblazee/wordpress/wp-content/themes/genesis/index.php(15): genesis()
#5 /s2-muscleblazee/wordpress/wp-includes/template-loader.php(106): include('/s2-muscleblaze...')
#6 /s2-muscleblazee/wordpress/wp-blog-header.php(19): require_once('/s2-muscleblaze...')
#7 /s2-muscleblazee/wordpress/index.php(17): require('/s2-muscleblaze...')
#8 {main}
  thrown in /s2-muscleblazee/wordpress/wp-content/themes/muscleblaze/header.php on line 111
[13-Feb-2023 08:29:37 UTC] PHP Fatal error:  Uncaught Error: Call to undefined function the_field() in /s2-muscleblazee/wordpress/wp-content/themes/muscleblaze/header.php:111
Stack trace:
#0 /s2-muscleblazee/wordpress/wp-includes/template.php(783): require_once()
#1 /s2-muscleblazee/wordpress/wp-includes/template.php(718): load_template()
#2 /s2-muscleblazee/wordpress/wp-includes/general-template.php(48): locate_template()
#3 /s2-muscleblazee/wordpress/wp-content/themes/genesis/lib/framework.php(24): get_header()
#4 /s2-muscleblazee/wordpress/wp-content/themes/genesis/index.php(15): genesis()
#5 /s2-muscleblazee/wordpress/wp-includes/template-loader.php(106): include('/s2-muscleblaze...')
#6 /s2-muscleblazee/wordpress/wp-blog-header.php(19): require_once('/s2-muscleblaze...')
#7 /s2-muscleblazee/wordpress/index.php(17): require('/s2-muscleblaze...')
#8 {main}
  thrown in /s2-muscleblazee/wordpress/wp-content/themes/muscleblaze/header.php on line 111
[13-Feb-2023 08:29:42 UTC] PHP Fatal error:  Uncaught Error: Call to undefined function the_field() in /s2-muscleblazee/wordpress/wp-content/themes/muscleblaze/header.php:111
Stack trace:
#0 /s2-muscleblazee/wordpress/wp-includes/template.php(783): require_once()
#1 /s2-muscleblazee/wordpress/wp-includes/template.php(718): load_template()
#2 /s2-muscleblazee/wordpress/wp-includes/general-template.php(48): locate_template()
#3 /s2-muscleblazee/wordpress/wp-content/themes/genesis/lib/framework.php(24): get_header()
#4 /s2-muscleblazee/wordpress/wp-content/themes/genesis/index.php(15): genesis()
#5 /s2-muscleblazee/wordpress/wp-includes/template-loader.php(106): include('/s2-muscleblaze...')
#6 /s2-muscleblazee/wordpress/wp-blog-header.php(19): require_once('/s2-muscleblaze...')
#7 /s2-muscleblazee/wordpress/index.php(17): require('/s2-muscleblaze...')
#8 {main}
  thrown in /s2-muscleblazee/wordpress/wp-content/themes/muscleblaze/header.php on line 111
[13-Feb-2023 08:29:44 UTC] PHP Fatal error:  Uncaught Error: Call to undefined function the_field() in /s2-muscleblazee/wordpress/wp-content/themes/muscleblaze/header.php:111
Stack trace:
#0 /s2-muscleblazee/wordpress/wp-includes/template.php(783): require_once()
#1 /s2-muscleblazee/wordpress/wp-includes/template.php(718): load_template()
#2 /s2-muscleblazee/wordpress/wp-includes/general-template.php(48): locate_template()
#3 /s2-muscleblazee/wordpress/wp-content/themes/genesis/lib/framework.php(24): get_header()
#4 /s2-muscleblazee/wordpress/wp-content/themes/genesis/index.php(15): genesis()
#5 /s2-muscleblazee/wordpress/wp-includes/template-loader.php(106): include('/s2-muscleblaze...')
#6 /s2-muscleblazee/wordpress/wp-blog-header.php(19): require_once('/s2-muscleblaze...')
#7 /s2-muscleblazee/wordpress/index.php(17): require('/s2-muscleblaze...')
#8 {main}
  thrown in /s2-muscleblazee/wordpress/wp-content/themes/muscleblaze/header.php on line 111
[13-Feb-2023 08:29:46 UTC] PHP Fatal error:  Uncaught Error: Call to undefined function the_field() in /s2-muscleblazee/wordpress/wp-content/themes/muscleblaze/header.php:111
Stack trace:
#0 /s2-muscleblazee/wordpress/wp-includes/template.php(783): require_once()
#1 /s2-muscleblazee/wordpress/wp-includes/template.php(718): load_template()
#2 /s2-muscleblazee/wordpress/wp-includes/general-template.php(48): locate_template()
#3 /s2-muscleblazee/wordpress/wp-content/themes/genesis/lib/framework.php(24): get_header()
#4 /s2-muscleblazee/wordpress/wp-content/themes/genesis/index.php(15): genesis()
#5 /s2-muscleblazee/wordpress/wp-includes/template-loader.php(106): include('/s2-muscleblaze...')
#6 /s2-muscleblazee/wordpress/wp-blog-header.php(19): require_once('/s2-muscleblaze...')
#7 /s2-muscleblazee/wordpress/index.php(17): require('/s2-muscleblaze...')
#8 {main}
  thrown in /s2-muscleblazee/wordpress/wp-content/themes/muscleblaze/header.php on line 111
[13-Feb-2023 08:29:49 UTC] PHP Fatal error:  Uncaught Error: Call to undefined function the_field() in /s2-muscleblazee/wordpress/wp-content/themes/muscleblaze/header.php:111
Stack trace:
#0 /s2-muscleblazee/wordpress/wp-includes/template.php(783): require_once()
#1 /s2-muscleblazee/wordpress/wp-includes/template.php(718): load_template()
#2 /s2-muscleblazee/wordpress/wp-includes/general-template.php(48): locate_template()
#3 /s2-muscleblazee/wordpress/wp-content/themes/genesis/lib/framework.php(24): get_header()
#4 /s2-muscleblazee/wordpress/wp-content/themes/genesis/index.php(15): genesis()
#5 /s2-muscleblazee/wordpress/wp-includes/template-loader.php(106): include('/s2-muscleblaze...')
#6 /s2-muscleblazee/wordpress/wp-blog-header.php(19): require_once('/s2-muscleblaze...')
#7 /s2-muscleblazee/wordpress/index.php(17): require('/s2-muscleblaze...')
#8 {main}
  thrown in /s2-muscleblazee/wordpress/wp-content/themes/muscleblaze/header.php on line 111
[13-Feb-2023 08:29:51 UTC] PHP Fatal error:  Uncaught Error: Call to undefined function the_field() in /s2-muscleblazee/wordpress/wp-content/themes/muscleblaze/header.php:111
Stack trace:
#0 /s2-muscleblazee/wordpress/wp-includes/template.php(783): require_once()
#1 /s2-muscleblazee/wordpress/wp-includes/template.php(718): load_template()
#2 /s2-muscleblazee/wordpress/wp-includes/general-template.php(48): locate_template()
#3 /s2-muscleblazee/wordpress/wp-content/themes/genesis/lib/framework.php(24): get_header()
#4 /s2-muscleblazee/wordpress/wp-content/themes/genesis/index.php(15): genesis()
#5 /s2-muscleblazee/wordpress/wp-includes/template-loader.php(106): include('/s2-muscleblaze...')
#6 /s2-muscleblazee/wordpress/wp-blog-header.php(19): require_once('/s2-muscleblaze...')
#7 /s2-muscleblazee/wordpress/index.php(17): require('/s2-muscleblaze...')
#8 {main}
  thrown in /s2-muscleblazee/wordpress/wp-content/themes/muscleblaze/header.php on line 111
[13-Feb-2023 08:30:29 UTC] PHP Fatal error:  Uncaught Error: Call to undefined function the_field() in /s2-muscleblazee/wordpress/wp-content/themes/muscleblaze/header.php:111
Stack trace:
#0 /s2-muscleblazee/wordpress/wp-includes/template.php(783): require_once()
#1 /s2-muscleblazee/wordpress/wp-includes/template.php(718): load_template()
#2 /s2-muscleblazee/wordpress/wp-includes/general-template.php(48): locate_template()
#3 /s2-muscleblazee/wordpress/wp-content/themes/genesis/lib/framework.php(24): get_header()
#4 /s2-muscleblazee/wordpress/wp-content/themes/genesis/index.php(15): genesis()
#5 /s2-muscleblazee/wordpress/wp-includes/template-loader.php(106): include('/s2-muscleblaze...')
#6 /s2-muscleblazee/wordpress/wp-blog-header.php(19): require_once('/s2-muscleblaze...')
#7 /s2-muscleblazee/wordpress/index.php(17): require('/s2-muscleblaze...')
#8 {main}
  thrown in /s2-muscleblazee/wordpress/wp-content/themes/muscleblaze/header.php on line 111
[13-Feb-2023 08:30:35 UTC] PHP Fatal error:  Uncaught Error: Call to undefined function the_field() in /s2-muscleblazee/wordpress/wp-content/themes/muscleblaze/header.php:111
Stack trace:
#0 /s2-muscleblazee/wordpress/wp-includes/template.php(783): require_once()
#1 /s2-muscleblazee/wordpress/wp-includes/template.php(718): load_template()
#2 /s2-muscleblazee/wordpress/wp-includes/general-template.php(48): locate_template()
#3 /s2-muscleblazee/wordpress/wp-content/themes/genesis/lib/framework.php(24): get_header()
#4 /s2-muscleblazee/wordpress/wp-content/themes/genesis/index.php(15): genesis()
#5 /s2-muscleblazee/wordpress/wp-includes/template-loader.php(106): include('/s2-muscleblaze...')
#6 /s2-muscleblazee/wordpress/wp-blog-header.php(19): require_once('/s2-muscleblaze...')
#7 /s2-muscleblazee/wordpress/index.php(17): require('/s2-muscleblaze...')
#8 {main}
  thrown in /s2-muscleblazee/wordpress/wp-content/themes/muscleblaze/header.php on line 111
[13-Feb-2023 08:30:37 UTC] PHP Fatal error:  Uncaught Error: Call to undefined function the_field() in /s2-muscleblazee/wordpress/wp-content/themes/muscleblaze/header.php:111
Stack trace:
#0 /s2-muscleblazee/wordpress/wp-includes/template.php(783): require_once()
#1 /s2-muscleblazee/wordpress/wp-includes/template.php(718): load_template()
#2 /s2-muscleblazee/wordpress/wp-includes/general-template.php(48): locate_template()
#3 /s2-muscleblazee/wordpress/wp-content/themes/genesis/lib/framework.php(24): get_header()
#4 /s2-muscleblazee/wordpress/wp-content/themes/genesis/index.php(15): genesis()
#5 /s2-muscleblazee/wordpress/wp-includes/template-loader.php(106): include('/s2-muscleblaze...')
#6 /s2-muscleblazee/wordpress/wp-blog-header.php(19): require_once('/s2-muscleblaze...')
#7 /s2-muscleblazee/wordpress/index.php(17): require('/s2-muscleblaze...')
#8 {main}
  thrown in /s2-muscleblazee/wordpress/wp-content/themes/muscleblaze/header.php on line 111
[13-Feb-2023 08:30:42 UTC] PHP Fatal error:  Uncaught Error: Call to undefined function the_field() in /s2-muscleblazee/wordpress/wp-content/themes/muscleblaze/header.php:111
Stack trace:
#0 /s2-muscleblazee/wordpress/wp-includes/template.php(783): require_once()
#1 /s2-muscleblazee/wordpress/wp-includes/template.php(718): load_template()
#2 /s2-muscleblazee/wordpress/wp-includes/general-template.php(48): locate_template()
#3 /s2-muscleblazee/wordpress/wp-content/themes/genesis/lib/framework.php(24): get_header()
#4 /s2-muscleblazee/wordpress/wp-content/themes/genesis/index.php(15): genesis()
#5 /s2-muscleblazee/wordpress/wp-includes/template-loader.php(106): include('/s2-muscleblaze...')
#6 /s2-muscleblazee/wordpress/wp-blog-header.php(19): require_once('/s2-muscleblaze...')
#7 /s2-muscleblazee/wordpress/index.php(17): require('/s2-muscleblaze...')
#8 {main}
  thrown in /s2-muscleblazee/wordpress/wp-content/themes/muscleblaze/header.php on line 111
[13-Feb-2023 08:30:53 UTC] PHP Fatal error:  Uncaught Error: Call to undefined function the_field() in /s2-muscleblazee/wordpress/wp-content/themes/muscleblaze/header.php:111
Stack trace:
#0 /s2-muscleblazee/wordpress/wp-includes/template.php(783): require_once()
#1 /s2-muscleblazee/wordpress/wp-includes/template.php(718): load_template()
#2 /s2-muscleblazee/wordpress/wp-includes/general-template.php(48): locate_template()
#3 /s2-muscleblazee/wordpress/wp-content/themes/genesis/lib/framework.php(24): get_header()
#4 /s2-muscleblazee/wordpress/wp-content/themes/genesis/index.php(15): genesis()
#5 /s2-muscleblazee/wordpress/wp-includes/template-loader.php(106): include('/s2-muscleblaze...')
#6 /s2-muscleblazee/wordpress/wp-blog-header.php(19): require_once('/s2-muscleblaze...')
#7 /s2-muscleblazee/wordpress/index.php(17): require('/s2-muscleblaze...')
#8 {main}
  thrown in /s2-muscleblazee/wordpress/wp-content/themes/muscleblaze/header.php on line 111
[13-Feb-2023 08:31:07 UTC] PHP Fatal error:  Uncaught Error: Call to undefined function the_field() in /s2-muscleblazee/wordpress/wp-content/themes/muscleblaze/header.php:111
Stack trace:
#0 /s2-muscleblazee/wordpress/wp-includes/template.php(783): require_once()
#1 /s2-muscleblazee/wordpress/wp-includes/template.php(718): load_template()
#2 /s2-muscleblazee/wordpress/wp-includes/general-template.php(48): locate_template()
#3 /s2-muscleblazee/wordpress/wp-content/themes/genesis/lib/framework.php(24): get_header()
#4 /s2-muscleblazee/wordpress/wp-content/themes/genesis/index.php(15): genesis()
#5 /s2-muscleblazee/wordpress/wp-includes/template-loader.php(106): include('/s2-muscleblaze...')
#6 /s2-muscleblazee/wordpress/wp-blog-header.php(19): require_once('/s2-muscleblaze...')
#7 /s2-muscleblazee/wordpress/index.php(17): require('/s2-muscleblaze...')
#8 {main}
  thrown in /s2-muscleblazee/wordpress/wp-content/themes/muscleblaze/header.php on line 111
[13-Feb-2023 08:31:14 UTC] PHP Warning:  Undefined array key 3 in /s2-muscleblazee/wordpress/wp-content/plugins/duplicator/classes/ui/class.ui.screen.base.php on line 60
[13-Feb-2023 08:31:17 UTC] PHP Fatal error:  Uncaught Error: Call to undefined function the_field() in /s2-muscleblazee/wordpress/wp-content/themes/muscleblaze/header.php:111
Stack trace:
#0 /s2-muscleblazee/wordpress/wp-includes/template.php(783): require_once()
#1 /s2-muscleblazee/wordpress/wp-includes/template.php(718): load_template()
#2 /s2-muscleblazee/wordpress/wp-includes/general-template.php(48): locate_template()
#3 /s2-muscleblazee/wordpress/wp-content/themes/genesis/lib/framework.php(24): get_header()
#4 /s2-muscleblazee/wordpress/wp-content/themes/genesis/index.php(15): genesis()
#5 /s2-muscleblazee/wordpress/wp-includes/template-loader.php(106): include('/s2-muscleblaze...')
#6 /s2-muscleblazee/wordpress/wp-blog-header.php(19): require_once('/s2-muscleblaze...')
#7 /s2-muscleblazee/wordpress/index.php(17): require('/s2-muscleblaze...')
#8 {main}
  thrown in /s2-muscleblazee/wordpress/wp-content/themes/muscleblaze/header.php on line 111
[13-Feb-2023 08:31:28 UTC] PHP Warning:  Undefined array key 3 in /s2-muscleblazee/wordpress/wp-content/plugins/duplicator/classes/ui/class.ui.screen.base.php on line 60
[13-Feb-2023 08:31:29 UTC] PHP Fatal error:  Uncaught Error: Call to undefined function the_field() in /s2-muscleblazee/wordpress/wp-content/themes/muscleblaze/header.php:111
Stack trace:
#0 /s2-muscleblazee/wordpress/wp-includes/template.php(783): require_once()
#1 /s2-muscleblazee/wordpress/wp-includes/template.php(718): load_template()
#2 /s2-muscleblazee/wordpress/wp-includes/general-template.php(48): locate_template()
#3 /s2-muscleblazee/wordpress/wp-content/themes/genesis/lib/framework.php(24): get_header()
#4 /s2-muscleblazee/wordpress/wp-content/themes/genesis/index.php(15): genesis()
#5 /s2-muscleblazee/wordpress/wp-includes/template-loader.php(106): include('/s2-muscleblaze...')
#6 /s2-muscleblazee/wordpress/wp-blog-header.php(19): require_once('/s2-muscleblaze...')
#7 /s2-muscleblazee/wordpress/index.php(17): require('/s2-muscleblaze...')
#8 {main}
  thrown in /s2-muscleblazee/wordpress/wp-content/themes/muscleblaze/header.php on line 111
[13-Feb-2023 08:31:33 UTC] PHP Warning:  Undefined array key 3 in /s2-muscleblazee/wordpress/wp-content/plugins/duplicator/classes/ui/class.ui.screen.base.php on line 60
[13-Feb-2023 08:31:34 UTC] PHP Fatal error:  Uncaught Error: Call to undefined function the_field() in /s2-muscleblazee/wordpress/wp-content/themes/muscleblaze/header.php:111
Stack trace:
#0 /s2-muscleblazee/wordpress/wp-includes/template.php(783): require_once()
#1 /s2-muscleblazee/wordpress/wp-includes/template.php(718): load_template()
#2 /s2-muscleblazee/wordpress/wp-includes/general-template.php(48): locate_template()
#3 /s2-muscleblazee/wordpress/wp-content/themes/genesis/lib/framework.php(24): get_header()
#4 /s2-muscleblazee/wordpress/wp-content/themes/genesis/index.php(15): genesis()
#5 /s2-muscleblazee/wordpress/wp-includes/template-loader.php(106): include('/s2-muscleblaze...')
#6 /s2-muscleblazee/wordpress/wp-blog-header.php(19): require_once('/s2-muscleblaze...')
#7 /s2-muscleblazee/wordpress/index.php(17): require('/s2-muscleblaze...')
#8 {main}
  thrown in /s2-muscleblazee/wordpress/wp-content/themes/muscleblaze/header.php on line 111
[13-Feb-2023 08:31:47 UTC] PHP Warning:  Undefined array key 3 in /s2-muscleblazee/wordpress/wp-content/plugins/duplicator/classes/ui/class.ui.screen.base.php on line 60
