[13-Feb-2023 08:44:27 UTC] PHP Warning:  Undefined array key 3 in C:\xampp\htdocs\mb_blogs\wp-content\plugins\duplicator\classes\ui\class.ui.screen.base.php on line 60
[13-Feb-2023 08:44:37 UTC] PHP Fatal error:  Uncaught Error: Call to undefined function the_field() in C:\xampp\htdocs\mb_blogs\wp-content\themes\muscleblaze\header.php:111
Stack trace:
#0 C:\xampp\htdocs\mb_blogs\wp-includes\template.php(783): require_once()
#1 C:\xampp\htdocs\mb_blogs\wp-includes\template.php(718): load_template('C:\\xampp\\htdocs...', true, Array)
#2 C:\xampp\htdocs\mb_blogs\wp-includes\general-template.php(48): locate_template(Array, true, true, Array)
#3 C:\xampp\htdocs\mb_blogs\wp-content\themes\genesis\lib\framework.php(24): get_header()
#4 C:\xampp\htdocs\mb_blogs\wp-content\themes\genesis\index.php(15): genesis()
#5 C:\xampp\htdocs\mb_blogs\wp-includes\template-loader.php(106): include('C:\\xampp\\htdocs...')
#6 C:\xampp\htdocs\mb_blogs\wp-blog-header.php(19): require_once('C:\\xampp\\htdocs...')
#7 C:\xampp\htdocs\mb_blogs\index.php(17): require('C:\\xampp\\htdocs...')
#8 {main}
  thrown in C:\xampp\htdocs\mb_blogs\wp-content\themes\muscleblaze\header.php on line 111
[13-Feb-2023 10:42:08 UTC] PHP Fatal error:  Uncaught Error: Call to undefined function the_field() in C:\xampp\htdocs\mb_blogs\wp-content\themes\muscleblaze\header.php:112
Stack trace:
#0 C:\xampp\htdocs\mb_blogs\wp-includes\template.php(783): require_once()
#1 C:\xampp\htdocs\mb_blogs\wp-includes\template.php(718): load_template('C:\\xampp\\htdocs...', true, Array)
#2 C:\xampp\htdocs\mb_blogs\wp-includes\general-template.php(48): locate_template(Array, true, true, Array)
#3 C:\xampp\htdocs\mb_blogs\wp-content\themes\genesis\lib\framework.php(24): get_header()
#4 C:\xampp\htdocs\mb_blogs\wp-content\themes\genesis\index.php(15): genesis()
#5 C:\xampp\htdocs\mb_blogs\wp-includes\template-loader.php(106): include('C:\\xampp\\htdocs...')
#6 C:\xampp\htdocs\mb_blogs\wp-blog-header.php(19): require_once('C:\\xampp\\htdocs...')
#7 C:\xampp\htdocs\mb_blogs\index.php(17): require('C:\\xampp\\htdocs...')
#8 {main}
  thrown in C:\xampp\htdocs\mb_blogs\wp-content\themes\muscleblaze\header.php on line 112
[13-Feb-2023 10:47:50 UTC] PHP Fatal error:  Uncaught Error: Call to undefined function the_field() in C:\xampp\htdocs\mb_blogs\wp-content\themes\muscleblaze\header.php:112
Stack trace:
#0 C:\xampp\htdocs\mb_blogs\wp-includes\template.php(783): require_once()
#1 C:\xampp\htdocs\mb_blogs\wp-includes\template.php(718): load_template('C:\\xampp\\htdocs...', true, Array)
#2 C:\xampp\htdocs\mb_blogs\wp-includes\general-template.php(48): locate_template(Array, true, true, Array)
#3 C:\xampp\htdocs\mb_blogs\wp-content\themes\genesis\lib\framework.php(24): get_header()
#4 C:\xampp\htdocs\mb_blogs\wp-content\themes\genesis\index.php(15): genesis()
#5 C:\xampp\htdocs\mb_blogs\wp-includes\template-loader.php(106): include('C:\\xampp\\htdocs...')
#6 C:\xampp\htdocs\mb_blogs\wp-blog-header.php(19): require_once('C:\\xampp\\htdocs...')
#7 C:\xampp\htdocs\mb_blogs\index.php(17): require('C:\\xampp\\htdocs...')
#8 {main}
  thrown in C:\xampp\htdocs\mb_blogs\wp-content\themes\muscleblaze\header.php on line 112
[13-Feb-2023 10:50:05 UTC] PHP Fatal error:  Uncaught Error: Call to undefined function the_field() in C:\xampp\htdocs\mb_blogs\wp-content\themes\muscleblaze\header.php:112
Stack trace:
#0 C:\xampp\htdocs\mb_blogs\wp-includes\template.php(783): require_once()
#1 C:\xampp\htdocs\mb_blogs\wp-includes\template.php(718): load_template('C:\\xampp\\htdocs...', true, Array)
#2 C:\xampp\htdocs\mb_blogs\wp-includes\general-template.php(48): locate_template(Array, true, true, Array)
#3 C:\xampp\htdocs\mb_blogs\wp-content\themes\genesis\lib\framework.php(24): get_header()
#4 C:\xampp\htdocs\mb_blogs\wp-content\themes\genesis\index.php(15): genesis()
#5 C:\xampp\htdocs\mb_blogs\wp-includes\template-loader.php(106): include('C:\\xampp\\htdocs...')
#6 C:\xampp\htdocs\mb_blogs\wp-blog-header.php(19): require_once('C:\\xampp\\htdocs...')
#7 C:\xampp\htdocs\mb_blogs\index.php(17): require('C:\\xampp\\htdocs...')
#8 {main}
  thrown in C:\xampp\htdocs\mb_blogs\wp-content\themes\muscleblaze\header.php on line 112
[13-Feb-2023 10:50:09 UTC] PHP Fatal error:  Uncaught Error: Call to undefined function the_field() in C:\xampp\htdocs\mb_blogs\wp-content\themes\muscleblaze\header.php:112
Stack trace:
#0 C:\xampp\htdocs\mb_blogs\wp-includes\template.php(783): require_once()
#1 C:\xampp\htdocs\mb_blogs\wp-includes\template.php(718): load_template('C:\\xampp\\htdocs...', true, Array)
#2 C:\xampp\htdocs\mb_blogs\wp-includes\general-template.php(48): locate_template(Array, true, true, Array)
#3 C:\xampp\htdocs\mb_blogs\wp-content\themes\genesis\lib\framework.php(24): get_header()
#4 C:\xampp\htdocs\mb_blogs\wp-content\themes\genesis\index.php(15): genesis()
#5 C:\xampp\htdocs\mb_blogs\wp-includes\template-loader.php(106): include('C:\\xampp\\htdocs...')
#6 C:\xampp\htdocs\mb_blogs\wp-blog-header.php(19): require_once('C:\\xampp\\htdocs...')
#7 C:\xampp\htdocs\mb_blogs\index.php(17): require('C:\\xampp\\htdocs...')
#8 {main}
  thrown in C:\xampp\htdocs\mb_blogs\wp-content\themes\muscleblaze\header.php on line 112
[13-Feb-2023 10:53:01 UTC] PHP Fatal error:  Uncaught Error: Call to undefined function the_field() in C:\xampp\htdocs\mb_blogs\wp-content\themes\muscleblaze\header.php:112
Stack trace:
#0 C:\xampp\htdocs\mb_blogs\wp-includes\template.php(783): require_once()
#1 C:\xampp\htdocs\mb_blogs\wp-includes\template.php(718): load_template('C:\\xampp\\htdocs...', true, Array)
#2 C:\xampp\htdocs\mb_blogs\wp-includes\general-template.php(48): locate_template(Array, true, true, Array)
#3 C:\xampp\htdocs\mb_blogs\wp-content\themes\genesis\lib\framework.php(24): get_header()
#4 C:\xampp\htdocs\mb_blogs\wp-content\themes\genesis\index.php(15): genesis()
#5 C:\xampp\htdocs\mb_blogs\wp-includes\template-loader.php(106): include('C:\\xampp\\htdocs...')
#6 C:\xampp\htdocs\mb_blogs\wp-blog-header.php(19): require_once('C:\\xampp\\htdocs...')
#7 C:\xampp\htdocs\mb_blogs\index.php(17): require('C:\\xampp\\htdocs...')
#8 {main}
  thrown in C:\xampp\htdocs\mb_blogs\wp-content\themes\muscleblaze\header.php on line 112
[13-Feb-2023 10:59:47 UTC] PHP Fatal error:  Uncaught Error: Call to undefined function the_field() in C:\xampp\htdocs\mb_blogs\wp-content\themes\muscleblaze\header.php:111
Stack trace:
#0 C:\xampp\htdocs\mb_blogs\wp-includes\template.php(783): require_once()
#1 C:\xampp\htdocs\mb_blogs\wp-includes\template.php(718): load_template('C:\\xampp\\htdocs...', true, Array)
#2 C:\xampp\htdocs\mb_blogs\wp-includes\general-template.php(48): locate_template(Array, true, true, Array)
#3 C:\xampp\htdocs\mb_blogs\wp-content\themes\muscleblaze\page-templates\home.php(15): get_header()
#4 C:\xampp\htdocs\mb_blogs\wp-includes\template-loader.php(106): include('C:\\xampp\\htdocs...')
#5 C:\xampp\htdocs\mb_blogs\wp-blog-header.php(19): require_once('C:\\xampp\\htdocs...')
#6 C:\xampp\htdocs\mb_blogs\index.php(17): require('C:\\xampp\\htdocs...')
#7 {main}
  thrown in C:\xampp\htdocs\mb_blogs\wp-content\themes\muscleblaze\header.php on line 111
[13-Feb-2023 11:00:19 UTC] PHP Fatal error:  Uncaught Error: Call to undefined function the_field() in C:\xampp\htdocs\mb_blogs\wp-content\themes\muscleblaze\header.php:111
Stack trace:
#0 C:\xampp\htdocs\mb_blogs\wp-includes\template.php(783): require_once()
#1 C:\xampp\htdocs\mb_blogs\wp-includes\template.php(718): load_template('C:\\xampp\\htdocs...', true, Array)
#2 C:\xampp\htdocs\mb_blogs\wp-includes\general-template.php(48): locate_template(Array, true, true, Array)
#3 C:\xampp\htdocs\mb_blogs\wp-content\themes\muscleblaze\page-templates\home.php(15): get_header()
#4 C:\xampp\htdocs\mb_blogs\wp-includes\template-loader.php(106): include('C:\\xampp\\htdocs...')
#5 C:\xampp\htdocs\mb_blogs\wp-blog-header.php(19): require_once('C:\\xampp\\htdocs...')
#6 C:\xampp\htdocs\mb_blogs\index.php(17): require('C:\\xampp\\htdocs...')
#7 {main}
  thrown in C:\xampp\htdocs\mb_blogs\wp-content\themes\muscleblaze\header.php on line 111
[13-Feb-2023 11:01:37 UTC] PHP Fatal error:  Uncaught Error: Call to undefined function the_field() in C:\xampp\htdocs\mb_blogs\wp-content\themes\muscleblaze\header.php:111
Stack trace:
#0 C:\xampp\htdocs\mb_blogs\wp-includes\template.php(783): require_once()
#1 C:\xampp\htdocs\mb_blogs\wp-includes\template.php(718): load_template('C:\\xampp\\htdocs...', true, Array)
#2 C:\xampp\htdocs\mb_blogs\wp-includes\general-template.php(48): locate_template(Array, true, true, Array)
#3 C:\xampp\htdocs\mb_blogs\wp-content\themes\muscleblaze\page-templates\blogs.php(7): get_header()
#4 C:\xampp\htdocs\mb_blogs\wp-includes\template-loader.php(106): include('C:\\xampp\\htdocs...')
#5 C:\xampp\htdocs\mb_blogs\wp-blog-header.php(19): require_once('C:\\xampp\\htdocs...')
#6 C:\xampp\htdocs\mb_blogs\index.php(17): require('C:\\xampp\\htdocs...')
#7 {main}
  thrown in C:\xampp\htdocs\mb_blogs\wp-content\themes\muscleblaze\header.php on line 111
[13-Feb-2023 11:01:45 UTC] PHP Fatal error:  Uncaught Error: Call to undefined function the_field() in C:\xampp\htdocs\mb_blogs\wp-content\themes\muscleblaze\header.php:111
Stack trace:
#0 C:\xampp\htdocs\mb_blogs\wp-includes\template.php(783): require_once()
#1 C:\xampp\htdocs\mb_blogs\wp-includes\template.php(718): load_template('C:\\xampp\\htdocs...', true, Array)
#2 C:\xampp\htdocs\mb_blogs\wp-includes\general-template.php(48): locate_template(Array, true, true, Array)
#3 C:\xampp\htdocs\mb_blogs\wp-content\themes\muscleblaze\page-templates\home.php(15): get_header()
#4 C:\xampp\htdocs\mb_blogs\wp-includes\template-loader.php(106): include('C:\\xampp\\htdocs...')
#5 C:\xampp\htdocs\mb_blogs\wp-blog-header.php(19): require_once('C:\\xampp\\htdocs...')
#6 C:\xampp\htdocs\mb_blogs\index.php(17): require('C:\\xampp\\htdocs...')
#7 {main}
  thrown in C:\xampp\htdocs\mb_blogs\wp-content\themes\muscleblaze\header.php on line 111
[13-Feb-2023 11:01:51 UTC] PHP Fatal error:  Uncaught Error: Call to undefined function the_field() in C:\xampp\htdocs\mb_blogs\wp-content\themes\muscleblaze\header.php:111
Stack trace:
#0 C:\xampp\htdocs\mb_blogs\wp-includes\template.php(783): require_once()
#1 C:\xampp\htdocs\mb_blogs\wp-includes\template.php(718): load_template('C:\\xampp\\htdocs...', true, Array)
#2 C:\xampp\htdocs\mb_blogs\wp-includes\general-template.php(48): locate_template(Array, true, true, Array)
#3 C:\xampp\htdocs\mb_blogs\wp-content\themes\muscleblaze\page-templates\blogs.php(7): get_header()
#4 C:\xampp\htdocs\mb_blogs\wp-includes\template-loader.php(106): include('C:\\xampp\\htdocs...')
#5 C:\xampp\htdocs\mb_blogs\wp-blog-header.php(19): require_once('C:\\xampp\\htdocs...')
#6 C:\xampp\htdocs\mb_blogs\index.php(17): require('C:\\xampp\\htdocs...')
#7 {main}
  thrown in C:\xampp\htdocs\mb_blogs\wp-content\themes\muscleblaze\header.php on line 111
[13-Feb-2023 11:02:15 UTC] PHP Fatal error:  Uncaught Error: Call to undefined function the_field() in C:\xampp\htdocs\mb_blogs\wp-content\themes\muscleblaze\header.php:111
Stack trace:
#0 C:\xampp\htdocs\mb_blogs\wp-includes\template.php(783): require_once()
#1 C:\xampp\htdocs\mb_blogs\wp-includes\template.php(718): load_template('C:\\xampp\\htdocs...', true, Array)
#2 C:\xampp\htdocs\mb_blogs\wp-includes\general-template.php(48): locate_template(Array, true, true, Array)
#3 C:\xampp\htdocs\mb_blogs\wp-content\themes\muscleblaze\page-templates\home.php(15): get_header()
#4 C:\xampp\htdocs\mb_blogs\wp-includes\template-loader.php(106): include('C:\\xampp\\htdocs...')
#5 C:\xampp\htdocs\mb_blogs\wp-blog-header.php(19): require_once('C:\\xampp\\htdocs...')
#6 C:\xampp\htdocs\mb_blogs\index.php(17): require('C:\\xampp\\htdocs...')
#7 {main}
  thrown in C:\xampp\htdocs\mb_blogs\wp-content\themes\muscleblaze\header.php on line 111
[13-Feb-2023 11:02:59 UTC] PHP Fatal error:  Uncaught Error: Call to undefined function the_field() in C:\xampp\htdocs\mb_blogs\wp-content\themes\muscleblaze\header.php:111
Stack trace:
#0 C:\xampp\htdocs\mb_blogs\wp-includes\template.php(783): require_once()
#1 C:\xampp\htdocs\mb_blogs\wp-includes\template.php(718): load_template('C:\\xampp\\htdocs...', true, Array)
#2 C:\xampp\htdocs\mb_blogs\wp-includes\general-template.php(48): locate_template(Array, true, true, Array)
#3 C:\xampp\htdocs\mb_blogs\wp-content\themes\muscleblaze\page-templates\blogs.php(7): get_header()
#4 C:\xampp\htdocs\mb_blogs\wp-includes\template-loader.php(106): include('C:\\xampp\\htdocs...')
#5 C:\xampp\htdocs\mb_blogs\wp-blog-header.php(19): require_once('C:\\xampp\\htdocs...')
#6 C:\xampp\htdocs\mb_blogs\index.php(17): require('C:\\xampp\\htdocs...')
#7 {main}
  thrown in C:\xampp\htdocs\mb_blogs\wp-content\themes\muscleblaze\header.php on line 111
[13-Feb-2023 11:04:47 UTC] PHP Fatal error:  Uncaught Error: Call to undefined function the_field() in C:\xampp\htdocs\mb_blogs\wp-content\themes\muscleblaze\header.php:111
Stack trace:
#0 C:\xampp\htdocs\mb_blogs\wp-includes\template.php(783): require_once()
#1 C:\xampp\htdocs\mb_blogs\wp-includes\template.php(718): load_template('C:\\xampp\\htdocs...', true, Array)
#2 C:\xampp\htdocs\mb_blogs\wp-includes\general-template.php(48): locate_template(Array, true, true, Array)
#3 C:\xampp\htdocs\mb_blogs\wp-content\themes\muscleblaze\page-templates\blogs.php(7): get_header()
#4 C:\xampp\htdocs\mb_blogs\wp-includes\template-loader.php(106): include('C:\\xampp\\htdocs...')
#5 C:\xampp\htdocs\mb_blogs\wp-blog-header.php(19): require_once('C:\\xampp\\htdocs...')
#6 C:\xampp\htdocs\mb_blogs\index.php(17): require('C:\\xampp\\htdocs...')
#7 {main}
  thrown in C:\xampp\htdocs\mb_blogs\wp-content\themes\muscleblaze\header.php on line 111
[13-Feb-2023 11:05:02 UTC] PHP Fatal error:  Uncaught Error: Call to undefined function the_field() in C:\xampp\htdocs\mb_blogs\wp-content\themes\muscleblaze\header.php:111
Stack trace:
#0 C:\xampp\htdocs\mb_blogs\wp-includes\template.php(783): require_once()
#1 C:\xampp\htdocs\mb_blogs\wp-includes\template.php(718): load_template('C:\\xampp\\htdocs...', true, Array)
#2 C:\xampp\htdocs\mb_blogs\wp-includes\general-template.php(48): locate_template(Array, true, true, Array)
#3 C:\xampp\htdocs\mb_blogs\wp-content\themes\muscleblaze\page-templates\blogs.php(7): get_header()
#4 C:\xampp\htdocs\mb_blogs\wp-includes\template-loader.php(106): include('C:\\xampp\\htdocs...')
#5 C:\xampp\htdocs\mb_blogs\wp-blog-header.php(19): require_once('C:\\xampp\\htdocs...')
#6 C:\xampp\htdocs\mb_blogs\index.php(17): require('C:\\xampp\\htdocs...')
#7 {main}
  thrown in C:\xampp\htdocs\mb_blogs\wp-content\themes\muscleblaze\header.php on line 111
[13-Feb-2023 11:05:35 UTC] PHP Fatal error:  Uncaught Error: Call to undefined function the_field() in C:\xampp\htdocs\mb_blogs\wp-content\themes\muscleblaze\header.php:111
Stack trace:
#0 C:\xampp\htdocs\mb_blogs\wp-includes\template.php(783): require_once()
#1 C:\xampp\htdocs\mb_blogs\wp-includes\template.php(718): load_template('C:\\xampp\\htdocs...', true, Array)
#2 C:\xampp\htdocs\mb_blogs\wp-includes\general-template.php(48): locate_template(Array, true, true, Array)
#3 C:\xampp\htdocs\mb_blogs\wp-content\themes\muscleblaze\page-templates\blogs.php(7): get_header()
#4 C:\xampp\htdocs\mb_blogs\wp-includes\template-loader.php(106): include('C:\\xampp\\htdocs...')
#5 C:\xampp\htdocs\mb_blogs\wp-blog-header.php(19): require_once('C:\\xampp\\htdocs...')
#6 C:\xampp\htdocs\mb_blogs\index.php(17): require('C:\\xampp\\htdocs...')
#7 {main}
  thrown in C:\xampp\htdocs\mb_blogs\wp-content\themes\muscleblaze\header.php on line 111
[13-Feb-2023 11:06:59 UTC] PHP Fatal error:  Uncaught Error: Call to undefined function the_field() in C:\xampp\htdocs\mb_blogs\wp-content\themes\muscleblaze\header.php:111
Stack trace:
#0 C:\xampp\htdocs\mb_blogs\wp-includes\template.php(783): require_once()
#1 C:\xampp\htdocs\mb_blogs\wp-includes\template.php(718): load_template('C:\\xampp\\htdocs...', true, Array)
#2 C:\xampp\htdocs\mb_blogs\wp-includes\general-template.php(48): locate_template(Array, true, true, Array)
#3 C:\xampp\htdocs\mb_blogs\wp-content\themes\muscleblaze\page-templates\blogs.php(7): get_header()
#4 C:\xampp\htdocs\mb_blogs\wp-includes\template-loader.php(106): include('C:\\xampp\\htdocs...')
#5 C:\xampp\htdocs\mb_blogs\wp-blog-header.php(19): require_once('C:\\xampp\\htdocs...')
#6 C:\xampp\htdocs\mb_blogs\index.php(17): require('C:\\xampp\\htdocs...')
#7 {main}
  thrown in C:\xampp\htdocs\mb_blogs\wp-content\themes\muscleblaze\header.php on line 111
[13-Feb-2023 11:07:31 UTC] PHP Fatal error:  Uncaught Error: Call to undefined function the_field() in C:\xampp\htdocs\mb_blogs\wp-content\themes\muscleblaze\header.php:111
Stack trace:
#0 C:\xampp\htdocs\mb_blogs\wp-includes\template.php(783): require_once()
#1 C:\xampp\htdocs\mb_blogs\wp-includes\template.php(718): load_template('C:\\xampp\\htdocs...', true, Array)
#2 C:\xampp\htdocs\mb_blogs\wp-includes\general-template.php(48): locate_template(Array, true, true, Array)
#3 C:\xampp\htdocs\mb_blogs\wp-content\themes\muscleblaze\page-templates\blogs.php(7): get_header()
#4 C:\xampp\htdocs\mb_blogs\wp-includes\template-loader.php(106): include('C:\\xampp\\htdocs...')
#5 C:\xampp\htdocs\mb_blogs\wp-blog-header.php(19): require_once('C:\\xampp\\htdocs...')
#6 C:\xampp\htdocs\mb_blogs\index.php(17): require('C:\\xampp\\htdocs...')
#7 {main}
  thrown in C:\xampp\htdocs\mb_blogs\wp-content\themes\muscleblaze\header.php on line 111
[13-Feb-2023 11:08:46 UTC] PHP Fatal error:  Uncaught Error: Call to undefined function the_field() in C:\xampp\htdocs\mb_blogs\wp-content\themes\muscleblaze\header.php:108
Stack trace:
#0 C:\xampp\htdocs\mb_blogs\wp-includes\template.php(783): require_once()
#1 C:\xampp\htdocs\mb_blogs\wp-includes\template.php(718): load_template('C:\\xampp\\htdocs...', true, Array)
#2 C:\xampp\htdocs\mb_blogs\wp-includes\general-template.php(48): locate_template(Array, true, true, Array)
#3 C:\xampp\htdocs\mb_blogs\wp-content\themes\muscleblaze\page-templates\blogs.php(7): get_header()
#4 C:\xampp\htdocs\mb_blogs\wp-includes\template-loader.php(106): include('C:\\xampp\\htdocs...')
#5 C:\xampp\htdocs\mb_blogs\wp-blog-header.php(19): require_once('C:\\xampp\\htdocs...')
#6 C:\xampp\htdocs\mb_blogs\index.php(17): require('C:\\xampp\\htdocs...')
#7 {main}
  thrown in C:\xampp\htdocs\mb_blogs\wp-content\themes\muscleblaze\header.php on line 108
[13-Feb-2023 11:09:16 UTC] PHP Fatal error:  Uncaught Error: Call to undefined function the_field() in C:\xampp\htdocs\mb_blogs\wp-content\themes\muscleblaze\header.php:105
Stack trace:
#0 C:\xampp\htdocs\mb_blogs\wp-includes\template.php(783): require_once()
#1 C:\xampp\htdocs\mb_blogs\wp-includes\template.php(718): load_template('C:\\xampp\\htdocs...', true, Array)
#2 C:\xampp\htdocs\mb_blogs\wp-includes\general-template.php(48): locate_template(Array, true, true, Array)
#3 C:\xampp\htdocs\mb_blogs\wp-content\themes\muscleblaze\page-templates\blogs.php(7): get_header()
#4 C:\xampp\htdocs\mb_blogs\wp-includes\template-loader.php(106): include('C:\\xampp\\htdocs...')
#5 C:\xampp\htdocs\mb_blogs\wp-blog-header.php(19): require_once('C:\\xampp\\htdocs...')
#6 C:\xampp\htdocs\mb_blogs\index.php(17): require('C:\\xampp\\htdocs...')
#7 {main}
  thrown in C:\xampp\htdocs\mb_blogs\wp-content\themes\muscleblaze\header.php on line 105
[13-Feb-2023 12:27:40 UTC] PHP Warning:  Undefined variable $category in C:\xampp\htdocs\mb_blogs\wp-content\themes\muscleblaze\category.php on line 23
[13-Feb-2023 12:27:40 UTC] PHP Warning:  Attempt to read property "term_id" on null in C:\xampp\htdocs\mb_blogs\wp-content\themes\muscleblaze\category.php on line 23
[13-Feb-2023 13:06:54 UTC] PHP Warning:  require_once(C:\xampp\htdocs\mb_blogs/wp-content/themes/muscleblazefooter.php): Failed to open stream: No such file or directory in C:\xampp\htdocs\mb_blogs\wp-content\themes\muscleblaze\page-templates\home.php on line 85
[13-Feb-2023 13:06:54 UTC] PHP Fatal error:  Uncaught Error: Failed opening required 'C:\xampp\htdocs\mb_blogs/wp-content/themes/muscleblazefooter.php' (include_path='.') in C:\xampp\htdocs\mb_blogs\wp-content\themes\muscleblaze\page-templates\home.php:85
Stack trace:
#0 C:\xampp\htdocs\mb_blogs\wp-includes\template-loader.php(106): include()
#1 C:\xampp\htdocs\mb_blogs\wp-blog-header.php(19): require_once('C:\\xampp\\htdocs...')
#2 C:\xampp\htdocs\mb_blogs\index.php(17): require('C:\\xampp\\htdocs...')
#3 {main}
  thrown in C:\xampp\htdocs\mb_blogs\wp-content\themes\muscleblaze\page-templates\home.php on line 85
[14-Feb-2023 06:00:24 UTC] PHP Warning:  An unexpected error occurred. Something may be wrong with WordPress.org or this server&#8217;s configuration. If you continue to have problems, please try the <a href="https://wordpress.org/support/forums/">support forums</a>. (WordPress could not establish a secure connection to WordPress.org. Please contact your server administrator.) in C:\xampp\htdocs\mb_blogs\wp-includes\update.php on line 728
[14-Feb-2023 06:01:25 UTC] PHP Fatal error:  Out of memory (allocated 12582912) (tried to allocate 20480 bytes) in C:\xampp\htdocs\mb_blogs\wp-includes\class-wp-rewrite.php on line 1047
